<html>
<body>
<pre>
<h1>Vision Build Log</h1>
<h2>Project:</h2>
D:\桌面\上官1号\04. 课堂代码\20. 智能小车\12. OLED代码二次开发\muban.uvproj
Project File Date:  01/27/2022

<h2>Output:</h2>
Rebuild target 'Target 1'
assembling STARTUP.A51...
compiling main.c...
linking...
Program Size: data=25.0 xdata=0 code=514
creating hex file from "muban"...
"muban" - 0 Error(s), 0 Warning(s).
Rebuild target 'Target 1'
assembling STARTUP.A51...
compiling main.c...
linking...
Program Size: data=25.0 xdata=0 code=514
creating hex file from "muban"...
"muban" - 0 Error(s), 0 Warning(s).
Rebuild target 'Target 1'
assembling STARTUP.A51...
compiling main.c...
linking...
Program Size: data=25.0 xdata=0 code=514
creating hex file from "muban"...
"muban" - 0 Error(s), 0 Warning(s).
Rebuild target 'Target 1'
assembling STARTUP.A51...
compiling main.c...
compiling Oled.c...
Oled.c(1): error C202: 'P1': undefined identifier
Oled.c(2): error C202: 'P1': undefined identifier
Oled.c(6): error C202: 'scl': undefined identifier
Oled.c(7): error C202: 'sda': undefined identifier
Oled.c(8): error C202: 'scl': undefined identifier
Target not created
Rebuild target 'Target 1'
assembling STARTUP.A51...
compiling main.c...
compiling Oled.c...
Oled.c(11): warning C206: '_nop_': missing function-prototype
Oled.c(11): error C264: intrinsic '_nop_': declaration/activation error
Target not created
Rebuild target 'Target 1'
assembling STARTUP.A51...
compiling main.c...
compiling Oled.c...
linking...
Program Size: data=27.0 xdata=0 code=556
creating hex file from "muban"...
"muban" - 0 Error(s), 0 Warning(s).
Rebuild target 'Target 1'
assembling STARTUP.A51...
compiling main.c...
main.c(17): warning C206: 'Oled_Show_Str': missing function-prototype
main.c(17): error C267: 'Oled_Show_Str': requires ANSI-style prototype
compiling Oled.c...
Oled.c(153): error C141: syntax error near 'row', expected ')'
Oled.c(154): error C202: 'uint16': undefined identifier
Oled.c(154): error C141: syntax error near 'i'
Oled.c(155): error C202: 'row': undefined identifier
Oled.c(156): error C202: 'col': undefined identifier
Oled.c(157): error C202: 'col': undefined identifier
Oled.c(158): error C202: 'i': undefined identifier
Oled.c(159): error C202: 'i': undefined identifier
Oled.c(162): error C202: 'row': undefined identifier
Oled.c(163): error C202: 'col': undefined identifier
Oled.c(164): error C202: 'col': undefined identifier
Oled.c(165): error C202: 'i': undefined identifier
Oled.c(166): error C202: 'i': undefined identifier
Oled.c(177): error C141: syntax error near 'row', expected ')'
Oled.c(178): error C202: 'str': undefined identifier
Oled.c(179): error C202: 'row': undefined identifier
Oled.c(180): error C202: 'str': undefined identifier
Oled.c(181): error C202: 'col': undefined identifier
Target not created
Rebuild target 'Target 1'
assembling STARTUP.A51...
compiling main.c...
main.c(17): warning C206: 'Oled_Show_Str': missing function-prototype
main.c(17): error C267: 'Oled_Show_Str': requires ANSI-style prototype
compiling Oled.c...
Oled.c(154): error C202: 'uint16': undefined identifier
Oled.c(154): error C141: syntax error near 'i'
Oled.c(158): error C202: 'i': undefined identifier
Oled.c(159): error C202: 'i': undefined identifier
Oled.c(165): error C202: 'i': undefined identifier
Oled.c(166): error C202: 'i': undefined identifier
Target not created
Rebuild target 'Target 1'
assembling STARTUP.A51...
compiling main.c...
main.c(17): warning C206: 'Oled_Show_Str': missing function-prototype
main.c(17): error C267: 'Oled_Show_Str': requires ANSI-style prototype
compiling Oled.c...
Oled.c(159): error C202: 'F8X16': undefined identifier
Oled.c(166): error C202: 'F8X16': undefined identifier
Target not created
Rebuild target 'Target 1'
assembling STARTUP.A51...
compiling main.c...
main.c(14): warning C280: 'i': unreferenced local variable
compiling Oled.c...
Oledfont.h(1): error C129: missing ';' before 'code'
Target not created
Rebuild target 'Target 1'
assembling STARTUP.A51...
compiling main.c...
compiling Oled.c...
Oledfont.h(1): error C129: missing ';' before 'code'
Target not created
Rebuild target 'Target 1'
assembling STARTUP.A51...
compiling main.c...
compiling Oled.c...
Oledfont.h(2): error C129: missing ';' before 'code'
Target not created
Rebuild target 'Target 1'
assembling STARTUP.A51...
compiling main.c...
compiling Oled.c...
linking...
*** WARNING L16: UNCALLED SEGMENT, IGNORED FOR OVERLAY PROCESS
    SEGMENT: ?PR?OLED_CLEAR?OLED
Program Size: data=32.0 xdata=0 code=2297
creating hex file from "muban"...
"muban" - 0 Error(s), 1 Warning(s).
Rebuild target 'Target 1'
assembling STARTUP.A51...
compiling main.c...
compiling Oled.c...
linking...
*** WARNING L16: UNCALLED SEGMENT, IGNORED FOR OVERLAY PROCESS
    SEGMENT: ?PR?OLED_CLEAR?OLED
Program Size: data=32.0 xdata=0 code=2297
creating hex file from "muban"...
"muban" - 0 Error(s), 1 Warning(s).
Rebuild target 'Target 1'
assembling STARTUP.A51...
compiling main.c...
compiling Oled.c...
linking...
*** WARNING L16: UNCALLED SEGMENT, IGNORED FOR OVERLAY PROCESS
    SEGMENT: ?PR?OLED_CLEAR?OLED
Program Size: data=16.0 xdata=0 code=2148
creating hex file from "muban"...
"muban" - 0 Error(s), 1 Warning(s).
Rebuild target 'Target 1'
assembling STARTUP.A51...
compiling main.c...
compiling Oled.c...
linking...
Program Size: data=16.0 xdata=0 code=2153
creating hex file from "muban"...
"muban" - 0 Error(s), 0 Warning(s).
